<?xml version="1.0" encoding="UTF-8"?>
<testng-results ignored="0" total="1" passed="1" failed="0" skipped="0">
  <reporter-output>
  </reporter-output>
  <suite started-at="2022-04-10T23:18:56 IST" name="Default suite" finished-at="2022-04-10T23:19:33 IST" duration-ms="37937">
    <groups>
    </groups>
    <test started-at="2022-04-10T23:18:56 IST" name="Default test" finished-at="2022-04-10T23:19:33 IST" duration-ms="37937">
      <class name="com.travel.irctc.project_irctc.BookTicket">
        <test-method is-config="true" signature="bcConfig()[pri:0, instance:com.travel.irctc.project_irctc.BookTicket@56cdfb3b]" started-at="2022-04-10T23:18:56 IST" name="bcConfig" finished-at="2022-04-10T23:19:33 IST" duration-ms="37867" status="PASS">
          <reporter-output>
          </reporter-output>
        </test-method> <!-- bcConfig -->
        <test-method signature="bookTicket()[pri:0, instance:com.travel.irctc.project_irctc.BookTicket@56cdfb3b]" started-at="2022-04-10T23:19:33 IST" name="bookTicket" finished-at="2022-04-10T23:19:33 IST" duration-ms="7" status="PASS">
          <reporter-output>
          </reporter-output>
        </test-method> <!-- bookTicket -->
      </class> <!-- com.travel.irctc.project_irctc.BookTicket -->
    </test> <!-- Default test -->
  </suite> <!-- Default suite -->
</testng-results>
